<?xml version="1.0" encoding="UTF-8"?>
<!-- Generated by org.testng.reporters.JUnitReportReporter -->
<testsuite hostname="Digambars-MacBook-Air.local" failures="0" tests="1" name="com.yodda.Ecom.AppTest" time="0.004" errors="0" timestamp="2024-04-30T15:12:49 IST" skipped="0">
  <testcase classname="com.yodda.Ecom.AppTest" name="shouldAnswerWithTrue" time="0.004"/>
</testsuite> <!-- com.yodda.Ecom.AppTest -->
